kuAiAndroid/build/outputs/logs/manifest-merger-debug-report.txt
-- Merging decision tree log ---
manifest
ADDED from src\main\AndroidManifest.xml:2:1-79:12
	package
		ADDED from src\main\AndroidManifest.xml:3:5-38
		INJECTED from src\main\AndroidManifest.xml
		INJECTED from src\main\AndroidManifest.xml
	android:versionName
		ADDED from src\main\AndroidManifest.xml:5:5-30
		INJECTED from src\main\AndroidManifest.xml
		INJECTED from src\main\AndroidManifest.xml
	android:versionCode
		ADDED from src\main\AndroidManifest.xml:4:5-28
		INJECTED from src\main\AndroidManifest.xml
		INJECTED from src\main\AndroidManifest.xml
	xmlns:android
		ADDED from src\main\AndroidManifest.xml:2:11-69
uses-sdk
ADDED from src\main\AndroidManifest.xml:7:5-9:41
MERGED from [workspaceKuaiAndroid:library:unspecified] AndroidManifest.xml:7:5-9:41
MERGED from [com.android.support:support-v4:20.0.0] AndroidManifest.xml:16:5-42
MERGED from [workspaceKuaiAndroid:library_pullToRefresh:unspecified] AndroidManifest.xml:7:5-9:40
	android:targetSdkVersion
		ADDED from src\main\AndroidManifest.xml:9:9-38
		INJECTED from src\main\AndroidManifest.xml
		INJECTED from src\main\AndroidManifest.xml
	android:minSdkVersion
		ADDED from src\main\AndroidManifest.xml:8:9-34
		INJECTED from src\main\AndroidManifest.xml
		INJECTED from src\main\AndroidManifest.xml
uses-permission#android.permission.ACCESS_WIFI_STATE
ADDED from src\main\AndroidManifest.xml:12:5-76
	android:name
		ADDED from src\main\AndroidManifest.xml:12:22-73
uses-permission#android.permission.INTERNET
ADDED from src\main\AndroidManifest.xml:13:5-67
	android:name
		ADDED from src\main\AndroidManifest.xml:13:22-64
uses-permission#android.permission.WRITE_EXTERNAL_STORAGE
ADDED from src\main\AndroidManifest.xml:14:5-81
	android:name
		ADDED from src\main\AndroidManifest.xml:14:22-78
uses-permission#android.permission.ACCESS_NETWORK_STATE
ADDED from src\main\AndroidManifest.xml:15:5-79
	android:name
		ADDED from src\main\AndroidManifest.xml:15:22-76
uses-permission#android.permission.MOUNT_UNMOUNT_FILESYSTEMS
ADDED from src\main\AndroidManifest.xml:16:5-100
	android:name
		ADDED from src\main\AndroidManifest.xml:16:22-81
application
ADDED from src\main\AndroidManifest.xml:18:5-70:19
MERGED from [com.android.support:support-v4:20.0.0] AndroidManifest.xml:17:5-19
MERGED from [workspaceKuaiAndroid:library_pullToRefresh:unspecified] AndroidManifest.xml:11:5-20
	android:label
		ADDED from src\main\AndroidManifest.xml:21:9-41
	android:allowBackup
		ADDED from src\main\AndroidManifest.xml:19:9-35
	android:icon
		ADDED from src\main\AndroidManifest.xml:20:9-45
	android:theme
		ADDED from src\main\AndroidManifest.xml:22:9-56
activity#sdnu.lushun.KuAiAndroid.Welcome
ADDED from src\main\AndroidManifest.xml:24:9-32:20
	android:screenOrientation
		ADDED from src\main\AndroidManifest.xml:26:13-49
	android:theme
		ADDED from src\main\AndroidManifest.xml:27:13-60
	android:name
		ADDED from src\main\AndroidManifest.xml:25:13-59
intent-filter#android.intent.action.MAIN+android.intent.category.LAUNCHER
ADDED from src\main\AndroidManifest.xml:28:13-31:29
action#android.intent.action.MAIN
ADDED from src\main\AndroidManifest.xml:29:17-69
	android:name
		ADDED from src\main\AndroidManifest.xml:29:25-66
category#android.intent.category.LAUNCHER
ADDED from src\main\AndroidManifest.xml:30:17-77
	android:name
		ADDED from src\main\AndroidManifest.xml:30:27-74
activity#sdnu.lushun.KuAiAndroid.MainActivity
ADDED from src\main\AndroidManifest.xml:33:9-37:20
	android:screenOrientation
		ADDED from src\main\AndroidManifest.xml:35:13-49
	android:theme
		ADDED from src\main\AndroidManifest.xml:36:13-60
	android:name
		ADDED from src\main\AndroidManifest.xml:34:13-64
activity#sdnu.lushun.KuAiAndroid.RegisterActivity
ADDED from src\main\AndroidManifest.xml:38:9-39:20
	android:name
		ADDED from src\main\AndroidManifest.xml:38:19-74
activity#sdnu.lushun.KuAiAndroid.LoginActivity
ADDED from src\main\AndroidManifest.xml:42:9-43:20
	android:name
		ADDED from src\main\AndroidManifest.xml:42:19-71
activity#sdnu.lushun.KuAiAndroid.BrowseNewsActivity
ADDED from src\main\AndroidManifest.xml:48:9-49:20
	android:name
		ADDED from src\main\AndroidManifest.xml:48:19-76
activity#sdnu.lushun.KuAiAndroid.util.PhotoAct
ADDED from src\main\AndroidManifest.xml:50:9-51:20
	android:name
		ADDED from src\main\AndroidManifest.xml:50:19-71
activity#sdnu.lushun.KuAiAndroid.UploadActivity
ADDED from src\main\AndroidManifest.xml:52:9-53:20
	android:name
		ADDED from src\main\AndroidManifest.xml:52:19-72
activity#sdnu.lushun.KuAiAndroid.util.CameralActivity
ADDED from src\main\AndroidManifest.xml:54:9-55:20
	android:name
		ADDED from src\main\AndroidManifest.xml:54:19-78
activity#sdnu.lushun.KuAiAndroid.SourceActivity
ADDED from src\main\AndroidManifest.xml:58:9-59:20
	android:name
		ADDED from src\main\AndroidManifest.xml:58:19-72
activity#sdnu.lushun.KuAiAndroid.JYchild
ADDED from src\main\AndroidManifest.xml:60:9-64:20
	android:label
		ADDED from src\main\AndroidManifest.xml:63:13-59
	android:hardwareAccelerated
		ADDED from src\main\AndroidManifest.xml:62:13-48
	android:name
		ADDED from src\main\AndroidManifest.xml:61:13-59
activity#sdnu.lushun.KuAiAndroid.TestPicActivity
ADDED from src\main\AndroidManifest.xml:65:9-86
	android:name
		ADDED from src\main\AndroidManifest.xml:65:19-73
activity#sdnu.lushun.KuAiAndroid.PhotoActivity
ADDED from src\main\AndroidManifest.xml:66:9-84
	android:name
		ADDED from src\main\AndroidManifest.xml:66:19-71
activity#sdnu.lushun.KuAiAndroid.BigImgActivity
ADDED from src\main\AndroidManifest.xml:67:9-85
	android:name
		ADDED from src\main\AndroidManifest.xml:67:19-72
activity#sdnu.lushun.KuAiAndroid.ImageGridActivity
ADDED from src\main\AndroidManifest.xml:68:9-87
	android:name
		ADDED from src\main\AndroidManifest.xml:68:19-75
supports-screens
ADDED from src\main\AndroidManifest.xml:72:5-77:39
	android:largeScreens
		ADDED from src\main\AndroidManifest.xml:74:9-36
	android:smallScreens
		ADDED from src\main\AndroidManifest.xml:77:9-36
	android:normalScreens
		ADDED from src\main\AndroidManifest.xml:75:9-37
	android:resizeable
		ADDED from src\main\AndroidManifest.xml:76:9-34
	android:anyDensity
		ADDED from src\main\AndroidManifest.xml:73:9-34